This is pdfTeX, Version 3.14159265-2.6-1.40.20 (TeX Live 2019) (preloaded format=pdflatex 2020.2.22)  10 APR 2020 09:26
entering extended mode
 restricted \write18 enabled.
 file:line:error style messages enabled.
 %&-line parsing enabled.
**ch4-4-round-proof.tex
(./ch4-4-round-proof.tex
LaTeX2e <2018-12-01>
./ch4-4-round-proof.tex:3: Undefined control sequence.
l.3 \section
            {security of 4-round SPNs}
? 
./ch4-4-round-proof.tex:3: Emergency stop.
l.3 \section
            {security of 4-round SPNs}
End of file on the terminal!

 
Here is how much of TeX's memory you used:
 5 strings out of 492616
 167 string characters out of 6129481
 57124 words of memory out of 5000000
 4025 multiletter control sequences out of 15000+600000
 3640 words of font info for 14 fonts, out of 8000000 for 9000
 1141 hyphenation exceptions out of 8191
 5i,0n,1p,58b,8s stack positions out of 5000i,500n,10000p,200000b,80000s
./ch4-4-round-proof.tex:3:  ==> Fatal error occurred, no output PDF file produc
ed!
